<?xml version="1.0" encoding="UTF-8"?>
<!-- Generated by org.testng.reporters.JUnitReportReporter -->
<testsuite hostname="DESKTOP-0FPO0BM" failures="0" tests="1" name="Maven_p3.DemoTest" time="9.600" errors="0" timestamp="2024-11-26T12:32:21 IST" skipped="0">
  <testcase classname="Maven_p3.DemoTest" name="mid_1" time="9.600"/>
</testsuite> <!-- Maven_p3.DemoTest -->
